[2021-03-21 06:42:32] slim-app.DEBUG: Testing! [] {"uid":"d155d18"}
[2021-03-21 06:43:46] slim-app.DEBUG: Testing! [] {"uid":"17af915"}
[2021-03-21 06:43:58] slim-app.DEBUG: Testing! [] {"uid":"77a86e5"}
[2021-03-21 06:46:37] slim-app.DEBUG: Testing! {"service":"UCRM\\HTTP\\Slim\\Services\\ScriptService"} {"uid":"3a9c1e1"}
[2021-03-21 06:47:59] slim-app.DEBUG: Testing! {"service":"UCRM\\HTTP\\Slim\\Services\\ScriptService","path":"C:\\Users\\rspaeth\\Documents\\PhpStorm\\Projects\\mvqn\\ucrm-plugins\\sdk\\http\\examples\\config/../scripts/"} {"uid":"262eff7"}
[2021-03-21 06:48:44] slim-app.DEBUG: Testing! {"service":"UCRM\\HTTP\\Slim\\Services\\ScriptService","path":"C:\\Users\\rspaeth\\Documents\\PhpStorm\\Projects\\mvqn\\ucrm-plugins\\sdk\\http\\examples\\scripts\\test.php"} {"uid":"86d4db5"}
[2021-03-21 06:49:03] slim-app.DEBUG: Testing [] {"uid":"40077fa"}
[2021-03-21 06:49:52] slim-app.DEBUG: Testing! {"service":"UCRM\\HTTP\\Slim\\Services\\ScriptService","path":"C:\\Users\\rspaeth\\Documents\\PhpStorm\\Projects\\mvqn\\ucrm-plugins\\sdk\\http\\examples\\scripts\\test.php"} {"uid":"93266de"}
[2021-03-21 06:54:05] slim-app.DEBUG: test.php {"service":"UCRM\\HTTP\\Slim\\Services\\ScriptService","path":"C:\\Users\\rspaeth\\Documents\\PhpStorm\\Projects\\mvqn\\ucrm-plugins\\sdk\\http\\examples\\scripts\\test.php"} {"uid":"d33e125"}
[2021-03-21 06:55:15] slim-app.DEBUG: index.html {"service":"UCRM\\HTTP\\Slim\\Services\\AssetService","path":"C:\\Users\\rspaeth\\Documents\\PhpStorm\\Projects\\mvqn\\ucrm-plugins\\sdk\\http\\examples\\public\\index.html","content-type":"text/html"} {"uid":"e773c0d"}
[2021-03-21 06:55:15] slim-app.DEBUG: css/main.css {"service":"UCRM\\HTTP\\Slim\\Services\\AssetService","path":"C:\\Users\\rspaeth\\Documents\\PhpStorm\\Projects\\mvqn\\ucrm-plugins\\sdk\\http\\examples\\public\\css\\main.css","content-type":"text/css"} {"uid":"3d69fe7"}
[2021-03-21 06:56:06] slim-app.DEBUG: index.html {"service":"UCRM\\HTTP\\Slim\\Services\\AssetService","path":"C:\\Users\\rspaeth\\Documents\\PhpStorm\\Projects\\mvqn\\ucrm-plugins\\sdk\\http\\examples\\public\\index.html","content-type":"text/html"} {"uid":"a4cf0df"}
[2021-03-21 06:56:06] slim-app.DEBUG: css/main.css {"service":"UCRM\\HTTP\\Slim\\Services\\AssetService","path":"C:\\Users\\rspaeth\\Documents\\PhpStorm\\Projects\\mvqn\\ucrm-plugins\\sdk\\http\\examples\\public\\css\\main.css","content-type":"text/css"} {"uid":"236ea8f"}
[2021-03-21 06:58:25] slim-app.DEBUG: Testing [] {"uid":"4846480"}
[2021-03-21 06:58:26] slim-app.DEBUG: Testing [] {"uid":"ab4b23d"}
[2021-03-21 06:58:26] slim-app.DEBUG: Testing [] {"uid":"fcf00da"}
[2021-03-21 06:58:27] slim-app.DEBUG: Testing [] {"uid":"6c6025f"}
[2021-03-21 06:58:27] slim-app.DEBUG: Testing [] {"uid":"8d679ae"}
[2021-03-21 06:58:29] slim-app.DEBUG: Testing [] {"uid":"a79f8ba"}
[2021-03-21 06:59:08] slim-app.DEBUG: index.html {"service":"UCRM\\HTTP\\Slim\\Services\\AssetService","path":"C:\\Users\\rspaeth\\Documents\\PhpStorm\\Projects\\mvqn\\ucrm-plugins\\sdk\\http\\examples\\public\\index.html","content-type":"text/html"} {"uid":"862fdd8"}
[2021-03-21 06:59:08] slim-app.DEBUG: css/main.css {"service":"UCRM\\HTTP\\Slim\\Services\\AssetService","path":"C:\\Users\\rspaeth\\Documents\\PhpStorm\\Projects\\mvqn\\ucrm-plugins\\sdk\\http\\examples\\public\\css\\main.css","content-type":"text/css"} {"uid":"066630a"}
[2021-03-21 06:59:48] slim-app.DEBUG: Testing [] {"uid":"24a1fbf"}
[2021-03-21 07:07:37] slim-app.DEBUG: test.html.twig {"service":"UCRM\\HTTP\\Slim\\Services\\ScriptService","path":"C:\\Users\\rspaeth\\Documents\\PhpStorm\\Projects\\mvqn\\ucrm-plugins\\sdk\\http\\examples\\config/../views/test.html.twig"} {"uid":"0b409fc"}
[2021-03-21 07:08:31] slim-app.DEBUG: test.html.twig {"service":"UCRM\\HTTP\\Slim\\Services\\ScriptService","path":"C:\\Users\\rspaeth\\Documents\\PhpStorm\\Projects\\mvqn\\ucrm-plugins\\sdk\\http\\examples\\views\\test.html.twig"} {"uid":"c124b6a"}
[2021-03-21 07:09:42] slim-app.DEBUG: test.html.twig {"service":"TemplateService","path":"C:\\Users\\rspaeth\\Documents\\PhpStorm\\Projects\\mvqn\\ucrm-plugins\\sdk\\http\\examples\\views\\test.html.twig"} {"uid":"73d1605"}
[2021-03-21 07:10:50] slim-app.DEBUG: test.html.twig {"service":"UCRM\\HTTP\\Slim\\Services\\TemplateService","path":"C:\\Users\\rspaeth\\Documents\\PhpStorm\\Projects\\mvqn\\ucrm-plugins\\sdk\\http\\examples\\views\\test.html.twig"} {"uid":"cfbfa78"}
[2021-03-21 07:15:58] App.DEBUG: test.html.twig {"service":"UCRM\\HTTP\\Slim\\Services\\TemplateService","path":"C:\\Users\\rspaeth\\Documents\\PhpStorm\\Projects\\mvqn\\ucrm-plugins\\sdk\\http\\examples\\views\\test.html.twig"} {"uid":"247bc61"}
[2021-03-21 07:17:43] App.DEBUG: Testing {"class":"App\\Controllers\\ExampleController","action":"index"} {"uid":"8cf67cb"}
[2021-03-21 07:18:59] App.DEBUG: Array {"class":"App\\Controllers\\ExampleController","action":"index"} {"uid":"bb0268e"}
[2021-03-21 07:19:15] App.DEBUG: 1 {"class":"App\\Controllers\\ExampleController","action":"index"} {"uid":"9fc9b47"}
[2021-03-21 07:20:13] App.DEBUG: index {"class":"App\\Controllers\\ExampleController"} {"uid":"a982b69"}
[2021-03-21 07:20:31] App.DEBUG: index {"class":"App\\Controllers\\ExampleController","args":[]} {"uid":"dc2c90a"}
[2021-03-21 07:20:48] App.DEBUG: index {"class":"App\\Controllers\\ExampleController","args":[]} {"uid":"7c9e328"}
[2021-03-21 07:20:53] App.DEBUG: contact {"class":"App\\Controllers\\ExampleController","args":[]} {"uid":"7ce2f5c"}
[2021-03-21 07:21:13] App.DEBUG: :contact {"class":"App\\Controllers\\ExampleController","args":[]} {"uid":"daa8a27"}
[2021-03-21 07:21:56] App.DEBUG: users {"class":"App\\Controllers\\ExampleController","args":{"name":"ryan"}} {"uid":"f45a98b"}
[2021-03-21 07:22:59] App.DEBUG: test.html.twig {"service":"UCRM\\HTTP\\Slim\\Services\\TemplateService","path":"C:\\Users\\rspaeth\\Documents\\PhpStorm\\Projects\\mvqn\\ucrm-plugins\\sdk\\http\\examples\\views\\test.html.twig"} {"uid":"f484b56"}
[2021-03-21 07:23:09] App.DEBUG: test.html.twig {"service":"UCRM\\HTTP\\Slim\\Services\\TemplateService","path":"C:\\Users\\rspaeth\\Documents\\PhpStorm\\Projects\\mvqn\\ucrm-plugins\\sdk\\http\\examples\\views\\test.html.twig"} {"uid":"b9067ad"}
[2021-03-21 07:24:19] App.DEBUG: test.php {"service":"UCRM\\HTTP\\Slim\\Services\\ScriptService","path":"C:\\Users\\rspaeth\\Documents\\PhpStorm\\Projects\\mvqn\\ucrm-plugins\\sdk\\http\\examples\\scripts\\test.php"} {"uid":"832cf1a"}
[2021-03-21 07:24:28] App.DEBUG: index.html {"service":"UCRM\\HTTP\\Slim\\Services\\AssetService","path":"C:\\Users\\rspaeth\\Documents\\PhpStorm\\Projects\\mvqn\\ucrm-plugins\\sdk\\http\\examples\\public\\index.html","content-type":"text/html"} {"uid":"332440d"}
[2021-03-21 07:24:28] App.DEBUG: css/main.css {"service":"UCRM\\HTTP\\Slim\\Services\\AssetService","path":"C:\\Users\\rspaeth\\Documents\\PhpStorm\\Projects\\mvqn\\ucrm-plugins\\sdk\\http\\examples\\public\\css\\main.css","content-type":"text/css"} {"uid":"bb03088"}
[2021-03-21 07:26:48] App.DEBUG: /public.index.html {"service":"UCRM\\HTTP\\Slim\\Services\\AssetService","path":"C:\\Users\\rspaeth\\Documents\\PhpStorm\\Projects\\mvqn\\ucrm-plugins\\sdk\\http\\examples\\public\\index.html","content-type":"text/html"} {"uid":"207a0e8"}
[2021-03-21 07:26:48] App.DEBUG: /public.css/main.css {"service":"UCRM\\HTTP\\Slim\\Services\\AssetService","path":"C:\\Users\\rspaeth\\Documents\\PhpStorm\\Projects\\mvqn\\ucrm-plugins\\sdk\\http\\examples\\public\\css\\main.css","content-type":"text/css"} {"uid":"a46602b"}
[2021-03-21 07:28:19] App.DEBUG: /public/index.html {"service":"UCRM\\HTTP\\Slim\\Services\\AssetService","path":"C:\\Users\\rspaeth\\Documents\\PhpStorm\\Projects\\mvqn\\ucrm-plugins\\sdk\\http\\examples\\public\\index.html","content-type":"text/html"} {"uid":"5d79840"}
[2021-03-21 07:28:19] App.DEBUG: /public/css/main.css {"service":"UCRM\\HTTP\\Slim\\Services\\AssetService","path":"C:\\Users\\rspaeth\\Documents\\PhpStorm\\Projects\\mvqn\\ucrm-plugins\\sdk\\http\\examples\\public\\css\\main.css","content-type":"text/css"} {"uid":"8fdb900"}
[2021-03-21 07:28:45] App.DEBUG: test.php {"service":"UCRM\\HTTP\\Slim\\Services\\ScriptService","path":"C:\\Users\\rspaeth\\Documents\\PhpStorm\\Projects\\mvqn\\ucrm-plugins\\sdk\\http\\examples\\scripts\\test.php"} {"uid":"fca2542"}
[2021-03-21 07:29:22] App.DEBUG: /test.php {"service":"UCRM\\HTTP\\Slim\\Services\\ScriptService","path":"C:\\Users\\rspaeth\\Documents\\PhpStorm\\Projects\\mvqn\\ucrm-plugins\\sdk\\http\\examples\\scripts\\test.php"} {"uid":"46518c1"}
[2021-03-21 07:29:42] App.DEBUG: /test.php {"service":"UCRM\\HTTP\\Slim\\Services\\ScriptService","path":"C:\\Users\\rspaeth\\Documents\\PhpStorm\\Projects\\mvqn\\ucrm-plugins\\sdk\\http\\examples\\scripts\\test.php"} {"uid":"e3cbe81"}
[2021-03-21 07:29:47] App.DEBUG: /test.html.twig {"service":"UCRM\\HTTP\\Slim\\Services\\TemplateService","path":"C:\\Users\\rspaeth\\Documents\\PhpStorm\\Projects\\mvqn\\ucrm-plugins\\sdk\\http\\examples\\views\\test.html.twig"} {"uid":"ebc8227"}
[2021-03-21 07:37:25] App.DEBUG: /test.html.twig {"service":"UCRM\\HTTP\\Slim\\Services\\TemplateService","path":"C:\\Users\\rspaeth\\Documents\\PhpStorm\\Projects\\mvqn\\ucrm-plugins\\sdk\\http\\examples\\views\\test.html.twig"} {"uid":"d5b0d20"}
[2021-03-21 07:50:08] App.DEBUG: /test.html.twig {"service":"UCRM\\HTTP\\Slim\\Services\\TemplateService","path":"C:\\Users\\rspaeth\\Documents\\PhpStorm\\Projects\\mvqn\\ucrm-plugins\\sdk\\http\\examples\\views\\test.html.twig"} {"uid":"83d0222"}
[2021-03-21 07:51:37] App.DEBUG: /test.html.twig {"service":"UCRM\\HTTP\\Slim\\Services\\TemplateService","path":"C:\\Users\\rspaeth\\Documents\\PhpStorm\\Projects\\mvqn\\ucrm-plugins\\sdk\\http\\examples\\views\\test.html.twig"} []
[2021-03-21 07:54:06] App.DEBUG: /test.html.twig {"service":"UCRM\\HTTP\\Slim\\Services\\TemplateService","path":"C:\\Users\\rspaeth\\Documents\\PhpStorm\\Projects\\mvqn\\ucrm-plugins\\sdk\\http\\examples\\views\\test.html.twig"} {"uid":"92ee866"}
[2021-03-21 07:54:31] App.DEBUG: /test.html.twig {"service":"UCRM\\HTTP\\Slim\\Services\\TemplateService","path":"C:\\Users\\rspaeth\\Documents\\PhpStorm\\Projects\\mvqn\\ucrm-plugins\\sdk\\http\\examples\\views\\test.html.twig"} {"uid":"802c18d"}
[2021-03-21 07:56:10] App.DEBUG: /test.html.twig {"service":"UCRM\\HTTP\\Slim\\Services\\TemplateService","path":"C:\\Users\\rspaeth\\Documents\\PhpStorm\\Projects\\mvqn\\ucrm-plugins\\sdk\\http\\examples\\views\\test.html.twig"} {"uid":"619db3b"}
[2021-03-21 07:56:37] App.DEBUG: /test.html.twig {"service":"UCRM\\HTTP\\Slim\\Services\\TemplateService","path":"C:\\Users\\rspaeth\\Documents\\PhpStorm\\Projects\\mvqn\\ucrm-plugins\\sdk\\http\\examples\\views\\test.html.twig"} {"uid":"cf668d3"}
[2021-03-21 07:56:54] App.DEBUG: /test.html.twig {"service":"UCRM\\HTTP\\Slim\\Services\\TemplateService","path":"C:\\Users\\rspaeth\\Documents\\PhpStorm\\Projects\\mvqn\\ucrm-plugins\\sdk\\http\\examples\\views\\test.html.twig"} {"uid":"1c47cf9"}
[2021-03-21 07:56:59] App.DEBUG: /test.html.twig {"service":"UCRM\\HTTP\\Slim\\Services\\TemplateService","path":"C:\\Users\\rspaeth\\Documents\\PhpStorm\\Projects\\mvqn\\ucrm-plugins\\sdk\\http\\examples\\views\\test.html.twig"} {"uid":"45e9ceb"}
[2021-03-21 07:58:51] App.DEBUG: /test.html.twig {"service":"UCRM\\HTTP\\Slim\\Services\\TemplateService","path":"C:\\Users\\rspaeth\\Documents\\PhpStorm\\Projects\\mvqn\\ucrm-plugins\\sdk\\http\\examples\\views\\test.html.twig"} {"uid":"d430bc4"}
[2021-03-21 08:02:09] App.DEBUG: /test.html.twig {"service":"UCRM\\HTTP\\Slim\\Services\\TemplateService","path":"C:\\Users\\rspaeth\\Documents\\PhpStorm\\Projects\\mvqn\\ucrm-plugins\\sdk\\http\\examples\\views\\test.html.twig"} {"uid":"29bc4f1"}
[2021-03-21 08:02:26] App.DEBUG: /test.html.twig {"service":"UCRM\\HTTP\\Slim\\Services\\TemplateService","path":"C:\\Users\\rspaeth\\Documents\\PhpStorm\\Projects\\mvqn\\ucrm-plugins\\sdk\\http\\examples\\views\\test.html.twig"} {"uid":"b37367f"}
[2021-03-21 08:03:09] App.DEBUG: /test.html.twig {"service":"UCRM\\HTTP\\Slim\\Services\\TemplateService","path":"C:\\Users\\rspaeth\\Documents\\PhpStorm\\Projects\\mvqn\\ucrm-plugins\\sdk\\http\\examples\\views\\test.html.twig"} {"uid":"b9c28cb"}
[2021-03-21 08:04:54] App.DEBUG: /test.html.twig {"service":"UCRM\\HTTP\\Slim\\Services\\TemplateService","path":"C:\\Users\\rspaeth\\Documents\\PhpStorm\\Projects\\mvqn\\ucrm-plugins\\sdk\\http\\examples\\views\\test.html.twig"} {"uid":"749bd05"}
[2021-03-21 08:04:57] App.DEBUG: /test.html.twig {"service":"UCRM\\HTTP\\Slim\\Services\\TemplateService","path":"C:\\Users\\rspaeth\\Documents\\PhpStorm\\Projects\\mvqn\\ucrm-plugins\\sdk\\http\\examples\\views\\test.html.twig"} {"uid":"ef9da9d"}
[2021-03-21 08:05:56] App.DEBUG: /test.html.twig {"service":"UCRM\\HTTP\\Slim\\Services\\TemplateService","path":"C:\\Users\\rspaeth\\Documents\\PhpStorm\\Projects\\mvqn\\ucrm-plugins\\sdk\\http\\examples\\views\\test.html.twig"} {"uid":"6868128"}
[2021-03-21 08:07:34] App.DEBUG: /test.html.twig {"service":"UCRM\\HTTP\\Slim\\Services\\TemplateService","path":"C:\\Users\\rspaeth\\Documents\\PhpStorm\\Projects\\mvqn\\ucrm-plugins\\sdk\\http\\examples\\views\\test.html.twig"} {"uid":"9e86d75"}
[2021-03-21 08:08:17] App.DEBUG: /test.html.twig {"service":"UCRM\\HTTP\\Slim\\Services\\TemplateService","path":"C:\\Users\\rspaeth\\Documents\\PhpStorm\\Projects\\mvqn\\ucrm-plugins\\sdk\\http\\examples\\views\\test.html.twig"} {"uid":"909c885"}
[2021-03-21 08:09:12] App.DEBUG: /test.html.twig {"service":"UCRM\\HTTP\\Slim\\Services\\TemplateService","path":"C:\\Users\\rspaeth\\Documents\\PhpStorm\\Projects\\mvqn\\ucrm-plugins\\sdk\\http\\examples\\views\\test.html.twig"} {"uid":"5d8ef5f"}
[2021-03-21 10:41:17] App.DEBUG: index {"class":"App\\Controllers\\ExampleController","args":[]} {"uid":"82b74c7"}
[2021-03-21 11:50:40] App.DEBUG: index {"class":"App\\Controllers\\ExampleController","args":[]} {"uid":"30cbfcf"}
[2021-03-21 12:17:21] App.DEBUG: index {"class":"App\\Controllers\\ExampleController","args":[]} {"uid":"26ed107"}
[2021-03-21 12:32:49] App.DEBUG: index {"class":"App\\Controllers\\ExampleController","args":[]} {"uid":"e5f4793"}
[2021-03-21 12:53:50] App.DEBUG: index {"class":"App\\Controllers\\ExampleController","args":[]} {"uid":"2bc27c1"}
[2021-03-21 13:24:41] App.DEBUG: index {"class":"App\\Controllers\\ExampleController","args":[]} {"uid":"5844c61"}
[2021-03-21 14:29:47] App.DEBUG: index {"class":"App\\Controllers\\ExampleController","args":[]} {"uid":"70511d0"}
[2021-03-21 15:26:47] App.DEBUG: index {"class":"App\\Controllers\\ExampleController","args":[]} {"uid":"e558bc8"}
[2021-03-21 16:17:27] App.DEBUG: index {"class":"App\\Controllers\\ExampleController","args":[]} {"uid":"1f9abca"}
[2021-03-21 18:00:43] App.DEBUG: index {"class":"App\\Controllers\\ExampleController","args":[]} {"uid":"6808a1e"}
[2021-03-21 20:17:21] App.DEBUG: index {"class":"App\\Controllers\\ExampleController","args":[]} {"uid":"08ef37c"}
[2021-03-21 22:11:37] App.DEBUG: index {"class":"App\\Controllers\\ExampleController","args":[]} {"uid":"599dd21"}
[2021-03-21 22:22:51] App.DEBUG: index {"class":"App\\Controllers\\ExampleController","args":[]} {"uid":"3713218"}
[2021-03-21 22:28:28] App.DEBUG: index {"class":"App\\Controllers\\ExampleController","args":[]} {"uid":"b40c21d"}
[2021-03-21 23:28:29] App.DEBUG: index {"class":"App\\Controllers\\ExampleController","args":[]} {"uid":"3cc4658"}
[2021-03-21 23:28:30] App.DEBUG: index {"class":"App\\Controllers\\ExampleController","args":[]} {"uid":"6138c10"}
[2021-03-21 23:28:30] App.DEBUG: index {"class":"App\\Controllers\\ExampleController","args":[]} {"uid":"cf2749b"}
[2021-03-21 23:28:30] App.DEBUG: index {"class":"App\\Controllers\\ExampleController","args":[]} {"uid":"0738d4f"}
[2021-03-21 23:28:32] App.DEBUG: index {"class":"App\\Controllers\\ExampleController","args":[]} {"uid":"3e3a688"}
[2021-03-21 23:28:33] App.DEBUG: index {"class":"App\\Controllers\\ExampleController","args":[]} {"uid":"14eaa4d"}
[2021-03-22 00:50:40] App.DEBUG: index {"class":"App\\Controllers\\ExampleController","args":[]} {"uid":"3159454"}
[2021-03-22 01:05:29] App.DEBUG: index {"class":"App\\Controllers\\ExampleController","args":[]} {"uid":"0e80d0c"}
[2021-03-22 01:14:41] App.DEBUG: index {"class":"App\\Controllers\\ExampleController","args":[]} {"uid":"5dc9bc8"}
[2021-03-22 01:14:41] App.DEBUG: index {"class":"App\\Controllers\\ExampleController","args":[]} {"uid":"d55433a"}
[2021-03-22 02:41:40] App.DEBUG: index {"class":"App\\Controllers\\ExampleController","args":[]} {"uid":"4dbcddd"}
[2021-03-22 07:30:13] App.DEBUG: index {"class":"App\\Controllers\\ExampleController","args":[]} {"uid":"6cf12dc"}
[2021-03-22 09:07:38] App.DEBUG: index {"class":"App\\Controllers\\ExampleController","args":[]} {"uid":"d2a2618"}
[2021-03-22 09:36:11] App.DEBUG: index {"class":"App\\Controllers\\ExampleController","args":[]} {"uid":"1d8b774"}
[2021-03-22 09:49:05] App.DEBUG: index {"class":"App\\Controllers\\ExampleController","args":[]} {"uid":"a5a3a4e"}
[2021-03-22 10:11:54] App.DEBUG: index {"class":"App\\Controllers\\ExampleController","args":[]} {"uid":"1133683"}
[2021-03-22 10:35:05] App.DEBUG: index {"class":"App\\Controllers\\ExampleController","args":[]} {"uid":"45fa201"}
[2021-03-22 11:03:37] App.DEBUG: index {"class":"App\\Controllers\\ExampleController","args":[]} {"uid":"294d78f"}
[2021-03-22 11:03:37] App.DEBUG: index {"class":"App\\Controllers\\ExampleController","args":[]} {"uid":"ca01c17"}
[2021-03-22 14:53:07] App.DEBUG: index {"class":"App\\Controllers\\ExampleController","args":[]} {"uid":"caf1505"}
[2021-03-22 14:58:26] App.DEBUG: index {"class":"App\\Controllers\\ExampleController","args":[]} {"uid":"f7d5867"}
[2021-03-22 16:01:50] App.DEBUG: index {"class":"App\\Controllers\\ExampleController","args":[]} {"uid":"294fae3"}
[2021-03-22 16:46:15] App.DEBUG: index {"class":"App\\Controllers\\ExampleController","args":[]} {"uid":"3a34a22"}
[2021-03-22 17:02:32] App.DEBUG: index {"class":"App\\Controllers\\ExampleController","args":[]} {"uid":"ee712a1"}
[2021-03-22 17:38:04] App.DEBUG: index {"class":"App\\Controllers\\ExampleController","args":[]} {"uid":"6af3024"}
[2021-03-22 17:38:04] App.DEBUG: index {"class":"App\\Controllers\\ExampleController","args":[]} {"uid":"d1a1c1f"}
[2021-03-22 18:08:02] App.DEBUG: index {"class":"App\\Controllers\\ExampleController","args":[]} {"uid":"43921cd"}
[2021-03-22 18:08:02] App.DEBUG: index {"class":"App\\Controllers\\ExampleController","args":[]} {"uid":"e7b0176"}
[2021-03-22 18:08:02] App.DEBUG: index {"class":"App\\Controllers\\ExampleController","args":[]} {"uid":"619901a"}
[2021-03-22 18:08:03] App.DEBUG: index {"class":"App\\Controllers\\ExampleController","args":[]} {"uid":"3fa96a7"}
[2021-03-22 18:08:03] App.DEBUG: index {"class":"App\\Controllers\\ExampleController","args":[]} {"uid":"d1abb17"}
[2021-03-22 18:08:04] App.DEBUG: index {"class":"App\\Controllers\\ExampleController","args":[]} {"uid":"d5353b9"}
[2021-03-22 19:13:00] App.DEBUG: index {"class":"App\\Controllers\\ExampleController","args":[]} {"uid":"d10ee10"}
[2021-03-22 19:13:00] App.DEBUG: index {"class":"App\\Controllers\\ExampleController","args":[]} {"uid":"1ffc098"}
[2021-03-22 19:13:01] App.DEBUG: index {"class":"App\\Controllers\\ExampleController","args":[]} {"uid":"a91a15c"}
[2021-03-22 19:13:01] App.DEBUG: index {"class":"App\\Controllers\\ExampleController","args":[]} {"uid":"8631903"}
[2021-03-22 19:13:02] App.DEBUG: index {"class":"App\\Controllers\\ExampleController","args":[]} {"uid":"562ac2f"}
[2021-03-22 19:13:05] App.DEBUG: index {"class":"App\\Controllers\\ExampleController","args":[]} {"uid":"6e5f5f7"}
[2021-03-22 19:13:05] App.DEBUG: index {"class":"App\\Controllers\\ExampleController","args":[]} {"uid":"e859390"}
[2021-03-22 19:13:11] App.DEBUG: index {"class":"App\\Controllers\\ExampleController","args":[]} {"uid":"7f0d645"}
[2021-03-22 20:29:47] App.DEBUG: index {"class":"App\\Controllers\\ExampleController","args":[]} {"uid":"6a9aa7a"}
[2021-03-22 21:36:13] App.DEBUG: index {"class":"App\\Controllers\\ExampleController","args":[]} {"uid":"bf4d2ee"}
[2021-03-22 21:57:34] App.DEBUG: index {"class":"App\\Controllers\\ExampleController","args":[]} {"uid":"7aad975"}
[2021-03-22 22:01:30] App.DEBUG: index {"class":"App\\Controllers\\ExampleController","args":[]} {"uid":"98141bd"}
[2021-03-22 22:17:00] App.DEBUG: index {"class":"App\\Controllers\\ExampleController","args":[]} {"uid":"a7893be"}
[2021-03-23 11:30:51] App.DEBUG: index {"class":"App\\Controllers\\ExampleController","args":[]} {"uid":"d446978"}
[2021-03-23 11:33:27] App.DEBUG: index {"class":"App\\Controllers\\ExampleController","args":[]} {"uid":"f01f01d"}
[2021-03-23 11:36:19] App.DEBUG: index {"class":"App\\Controllers\\ExampleController","args":[]} {"uid":"01db307"}
[2021-03-23 11:36:24] App.DEBUG: index {"class":"App\\Controllers\\ExampleController","args":[]} {"uid":"c031a29"}
[2021-03-23 11:36:25] App.DEBUG: index {"class":"App\\Controllers\\ExampleController","args":[]} {"uid":"886abc9"}
[2021-03-23 11:36:29] App.DEBUG: /test.html.twig {"service":"UCRM\\HTTP\\Slim\\Services\\TemplateService","path":"C:\\Users\\rspaeth\\Documents\\PhpStorm\\Projects\\mvqn\\ucrm-plugins\\sdk\\http\\examples\\views\\test.html.twig"} {"uid":"5ff478e"}
[2021-03-23 11:39:19] App.DEBUG: /test.html.twig {"service":"UCRM\\HTTP\\Slim\\Services\\TemplateService","path":"C:\\Users\\rspaeth\\Documents\\PhpStorm\\Projects\\mvqn\\ucrm-plugins\\sdk\\http\\examples\\views\\test.html.twig"} {"uid":"719c1c1"}
[2021-03-23 11:39:29] App.DEBUG: /test.html.twig {"service":"UCRM\\HTTP\\Slim\\Services\\TemplateService","path":"C:\\Users\\rspaeth\\Documents\\PhpStorm\\Projects\\mvqn\\ucrm-plugins\\sdk\\http\\examples\\views\\test.html.twig"} {"uid":"6dd3ac4"}
[2021-03-23 11:42:04] App.DEBUG: /test.html.twig {"service":"UCRM\\HTTP\\Slim\\Services\\TemplateService","path":"C:\\Users\\rspaeth\\Documents\\PhpStorm\\Projects\\mvqn\\ucrm-plugins\\sdk\\http\\examples\\views\\test.html.twig"} {"uid":"80437aa"}
[2021-03-23 11:43:09] App.DEBUG: /test.html.twig {"service":"UCRM\\HTTP\\Slim\\Services\\TemplateService","path":"C:\\Users\\rspaeth\\Documents\\PhpStorm\\Projects\\mvqn\\ucrm-plugins\\sdk\\http\\examples\\views\\test.html.twig"} {"uid":"8f6deee"}
[2021-03-23 11:45:03] App.DEBUG: /test.html.twig {"service":"UCRM\\HTTP\\Slim\\Services\\TemplateService","path":"C:\\Users\\rspaeth\\Documents\\PhpStorm\\Projects\\mvqn\\ucrm-plugins\\sdk\\http\\examples\\views\\test.html.twig"} {"uid":"e6fa9d4"}
[2021-03-23 11:45:14] App.DEBUG: contact {"class":"App\\Controllers\\ExampleController","args":[]} {"uid":"3dce41f"}
[2021-03-23 11:45:17] App.DEBUG: /test.php {"service":"UCRM\\HTTP\\Slim\\Services\\ScriptService","path":"C:\\Users\\rspaeth\\Documents\\PhpStorm\\Projects\\mvqn\\ucrm-plugins\\sdk\\http\\examples\\scripts\\test.php"} {"uid":"2f64d3e"}
[2021-03-23 11:46:47] App.DEBUG: /test.html.twig {"service":"UCRM\\HTTP\\Slim\\Services\\TemplateService","path":"C:\\Users\\rspaeth\\Documents\\PhpStorm\\Projects\\mvqn\\ucrm-plugins\\sdk\\http\\examples\\views\\test.html.twig"} {"uid":"18661e9"}
[2021-03-23 11:49:38] App.DEBUG: /test.html.twig {"service":"UCRM\\HTTP\\Slim\\Services\\TemplateService","path":"C:\\Users\\rspaeth\\Documents\\PhpStorm\\Projects\\mvqn\\ucrm-plugins\\sdk\\http\\examples\\views\\test.html.twig"} {"uid":"db5da66"}
[2021-03-23 11:50:00] App.DEBUG: /test.html.twig {"service":"UCRM\\HTTP\\Slim\\Services\\TemplateService","path":"C:\\Users\\rspaeth\\Documents\\PhpStorm\\Projects\\mvqn\\ucrm-plugins\\sdk\\http\\examples\\views\\test.html.twig"} {"uid":"9cb5c4c"}
[2021-03-23 11:51:15] App.DEBUG: /test.html.twig {"service":"UCRM\\HTTP\\Slim\\Services\\TemplateService","path":"C:\\Users\\rspaeth\\Documents\\PhpStorm\\Projects\\mvqn\\ucrm-plugins\\sdk\\http\\examples\\views\\test.html.twig"} {"uid":"5674574"}
[2021-03-23 11:54:13] App.DEBUG: /test.html.twig {"service":"UCRM\\HTTP\\Slim\\Services\\TemplateService","path":"C:\\Users\\rspaeth\\Documents\\PhpStorm\\Projects\\mvqn\\ucrm-plugins\\sdk\\http\\examples\\views\\test.html.twig"} {"uid":"b82f4ca"}
[2021-03-23 11:54:37] App.DEBUG: /test.html.twig {"service":"UCRM\\HTTP\\Slim\\Services\\TemplateService","path":"C:\\Users\\rspaeth\\Documents\\PhpStorm\\Projects\\mvqn\\ucrm-plugins\\sdk\\http\\examples\\views\\test.html.twig"} {"uid":"51e7416"}
[2021-03-23 11:56:48] App.DEBUG: index {"class":"App\\Controllers\\ExampleController","args":[]} {"uid":"a959021"}
[2021-03-23 11:56:49] App.DEBUG: index {"class":"App\\Controllers\\ExampleController","args":[]} {"uid":"3059120"}
[2021-03-23 11:56:49] App.DEBUG: index {"class":"App\\Controllers\\ExampleController","args":[]} {"uid":"073773f"}
[2021-03-23 11:56:50] App.DEBUG: index {"class":"App\\Controllers\\ExampleController","args":[]} {"uid":"51d4d1c"}
[2021-03-23 11:58:00] App.DEBUG: /test.html.twig {"service":"UCRM\\HTTP\\Slim\\Services\\TemplateService","path":"C:\\Users\\rspaeth\\Documents\\PhpStorm\\Projects\\mvqn\\ucrm-plugins\\sdk\\http\\examples\\views\\test.html.twig"} {"uid":"e94d7d3"}
[2021-03-23 11:58:45] App.DEBUG: /test.html.twig {"service":"UCRM\\HTTP\\Slim\\Services\\TemplateService","path":"C:\\Users\\rspaeth\\Documents\\PhpStorm\\Projects\\mvqn\\ucrm-plugins\\sdk\\http\\examples\\views\\test.html.twig"} {"uid":"0f341b7"}
[2021-03-23 12:00:01] App.DEBUG: index {"class":"App\\Controllers\\ExampleController","args":[]} {"uid":"4a1a031"}
[2021-03-23 12:00:02] App.DEBUG: index {"class":"App\\Controllers\\ExampleController","args":[]} {"uid":"78d3450"}
[2021-03-23 12:00:05] App.DEBUG: index {"class":"App\\Controllers\\ExampleController","args":[]} {"uid":"89a5bf5"}
[2021-03-23 12:00:07] App.DEBUG: index {"class":"App\\Controllers\\ExampleController","args":[]} {"uid":"310abea"}
[2021-03-23 12:00:07] App.DEBUG: /test.html.twig {"service":"UCRM\\HTTP\\Slim\\Services\\TemplateService","path":"C:\\Users\\rspaeth\\Documents\\PhpStorm\\Projects\\mvqn\\ucrm-plugins\\sdk\\http\\examples\\views\\test.html.twig"} {"uid":"0f7317d"}
[2021-03-23 12:00:23] App.DEBUG: /test.html.twig {"service":"UCRM\\HTTP\\Slim\\Services\\TemplateService","path":"C:\\Users\\rspaeth\\Documents\\PhpStorm\\Projects\\mvqn\\ucrm-plugins\\sdk\\http\\examples\\views\\test.html.twig"} {"uid":"97552fa"}
[2021-03-23 12:01:20] App.DEBUG: /test.html.twig {"service":"UCRM\\HTTP\\Slim\\Services\\TemplateService","path":"C:\\Users\\rspaeth\\Documents\\PhpStorm\\Projects\\mvqn\\ucrm-plugins\\sdk\\http\\examples\\views\\test.html.twig"} {"uid":"f31fe70"}
[2021-03-23 12:03:37] App.DEBUG: index {"class":"App\\Controllers\\ExampleController","args":[]} {"uid":"198d93b"}
[2021-03-23 12:08:38] App.DEBUG: /test.html.twig {"service":"UCRM\\HTTP\\Slim\\Services\\TemplateService","path":"C:\\Users\\rspaeth\\Documents\\PhpStorm\\Projects\\mvqn\\ucrm-plugins\\sdk\\http\\examples\\views\\test.html.twig"} {"uid":"a5936d0"}
[2021-03-23 12:13:56] App.DEBUG: /test.html.twig {"service":"UCRM\\HTTP\\Slim\\Services\\TemplateService","path":"C:\\Users\\rspaeth\\Documents\\PhpStorm\\Projects\\mvqn\\ucrm-plugins\\sdk\\http\\examples\\views\\test.html.twig"} {"uid":"95afb82"}
[2021-03-23 12:14:00] App.DEBUG: contact {"class":"App\\Controllers\\ExampleController","args":[]} {"uid":"216c350"}
[2021-03-23 12:17:01] App.DEBUG: contact {"class":"App\\Controllers\\ExampleController","args":[]} {"uid":"ed2a8ca"}
[2021-03-23 12:17:19] App.DEBUG: contact {"class":"App\\Controllers\\ExampleController","args":[]} {"uid":"33968f6"}
[2021-03-23 12:20:00] App.DEBUG: contact {"class":"App\\Controllers\\ExampleController","args":[]} {"uid":"0d182c7"}
[2021-03-23 12:22:31] App.DEBUG: contact {"class":"App\\Controllers\\ExampleController","args":[]} {"uid":"91f572c"}
[2021-03-23 12:22:34] App.DEBUG: /test.html.twig {"service":"UCRM\\HTTP\\Slim\\Services\\TemplateService","path":"C:\\Users\\rspaeth\\Documents\\PhpStorm\\Projects\\mvqn\\ucrm-plugins\\sdk\\http\\examples\\views\\test.html.twig"} {"uid":"b8aab9e"}
[2021-03-23 12:25:43] App.DEBUG: users {"class":"App\\Controllers\\ExampleController","args":{"name":"ryan"}} {"uid":"0c12c5a"}
[2021-03-23 12:28:10] App.DEBUG: users {"class":"App\\Controllers\\ExampleController","args":{"name":"ryan"}} {"uid":"4e9f61e"}
[2021-03-23 12:28:17] App.DEBUG: /test.html.twig {"service":"UCRM\\HTTP\\Slim\\Services\\TemplateService","path":"C:\\Users\\rspaeth\\Documents\\PhpStorm\\Projects\\mvqn\\ucrm-plugins\\sdk\\http\\examples\\views\\test.html.twig"} {"uid":"4a5d4e9"}
[2021-03-23 12:34:39] App.DEBUG: /test.html.twig {"service":"UCRM\\HTTP\\Slim\\Services\\TemplateService","path":"C:\\Users\\rspaeth\\Documents\\PhpStorm\\Projects\\mvqn\\ucrm-plugins\\sdk\\http\\examples\\views\\test.html.twig"} {"uid":"bec68f8"}
[2021-03-23 12:36:20] App.DEBUG: /test.html.twig {"service":"UCRM\\HTTP\\Slim\\Services\\TemplateService","path":"C:\\Users\\rspaeth\\Documents\\PhpStorm\\Projects\\mvqn\\ucrm-plugins\\sdk\\http\\examples\\views\\test.html.twig"} {"uid":"90428a7"}
